[13:30:29] [main/INFO]: Setting user: Player932
[13:30:30] [Client thread/INFO]: LWJGL Version: 2.9.1
[13:30:33] [Client thread/INFO]: Reloading ResourceManager: Default, FMLFileResourcePack:Forge Mod Loader, FMLFileResourcePack:Minecraft Forge, FMLFileResourcePack:yourmodsname
[13:30:34] [Sound Library Loader/INFO]: Sound engine started
[13:30:34] [Client thread/ERROR]: Using missing texture, unable to load yourmodsname:textures/blocks/hardStone.png
java.io.FileNotFoundException: yourmodsname:textures/blocks/hardStone.png
	at net.minecraft.client.resources.FallbackResourceManager.getResource(FallbackResourceManager.java:65) ~[FallbackResourceManager.class:?]
	at net.minecraft.client.resources.SimpleReloadableResourceManager.getResource(SimpleReloadableResourceManager.java:67) ~[SimpleReloadableResourceManager.class:?]
	at net.minecraft.client.renderer.texture.TextureMap.loadTextureAtlas(TextureMap.java:126) [TextureMap.class:?]
	at net.minecraft.client.renderer.texture.TextureMap.loadTexture(TextureMap.java:91) [TextureMap.class:?]
	at net.minecraft.client.renderer.texture.TextureManager.loadTexture(TextureManager.java:89) [TextureManager.class:?]
	at net.minecraft.client.renderer.texture.TextureManager.loadTickableTexture(TextureManager.java:71) [TextureManager.class:?]
	at net.minecraft.client.renderer.texture.TextureManager.loadTextureMap(TextureManager.java:58) [TextureManager.class:?]
	at net.minecraft.client.Minecraft.startGame(Minecraft.java:581) [Minecraft.class:?]
	at net.minecraft.client.Minecraft.run(Minecraft.java:892) [Minecraft.class:?]
	at net.minecraft.client.main.Main.main(Main.java:112) [Main.class:?]
	at sun.reflect.NativeMethodAccessorImpl.invoke0(Native Method) ~[?:1.6.0_65]
	at sun.reflect.NativeMethodAccessorImpl.invoke(NativeMethodAccessorImpl.java:39) ~[?:1.6.0_65]
	at sun.reflect.DelegatingMethodAccessorImpl.invoke(DelegatingMethodAccessorImpl.java:25) ~[?:1.6.0_65]
	at java.lang.reflect.Method.invoke(Method.java:597) ~[?:1.6.0_65]
	at net.minecraft.launchwrapper.Launch.launch(Launch.java:134) [launchwrapper-1.9.jar:?]
	at net.minecraft.launchwrapper.Launch.main(Launch.java:28) [launchwrapper-1.9.jar:?]
[13:30:34] [Client thread/ERROR]: Using missing texture, unable to load yourmodsname:textures/blocks/hardore_pumpkinore.png
java.io.FileNotFoundException: yourmodsname:textures/blocks/hardore_pumpkinore.png
	at net.minecraft.client.resources.FallbackResourceManager.getResource(FallbackResourceManager.java:65) ~[FallbackResourceManager.class:?]
	at net.minecraft.client.resources.SimpleReloadableResourceManager.getResource(SimpleReloadableResourceManager.java:67) ~[SimpleReloadableResourceManager.class:?]
	at net.minecraft.client.renderer.texture.TextureMap.loadTextureAtlas(TextureMap.java:126) [TextureMap.class:?]
	at net.minecraft.client.renderer.texture.TextureMap.loadTexture(TextureMap.java:91) [TextureMap.class:?]
	at net.minecraft.client.renderer.texture.TextureManager.loadTexture(TextureManager.java:89) [TextureManager.class:?]
	at net.minecraft.client.renderer.texture.TextureManager.loadTickableTexture(TextureManager.java:71) [TextureManager.class:?]
	at net.minecraft.client.renderer.texture.TextureManager.loadTextureMap(TextureManager.java:58) [TextureManager.class:?]
	at net.minecraft.client.Minecraft.startGame(Minecraft.java:581) [Minecraft.class:?]
	at net.minecraft.client.Minecraft.run(Minecraft.java:892) [Minecraft.class:?]
	at net.minecraft.client.main.Main.main(Main.java:112) [Main.class:?]
	at sun.reflect.NativeMethodAccessorImpl.invoke0(Native Method) ~[?:1.6.0_65]
	at sun.reflect.NativeMethodAccessorImpl.invoke(NativeMethodAccessorImpl.java:39) ~[?:1.6.0_65]
	at sun.reflect.DelegatingMethodAccessorImpl.invoke(DelegatingMethodAccessorImpl.java:25) ~[?:1.6.0_65]
	at java.lang.reflect.Method.invoke(Method.java:597) ~[?:1.6.0_65]
	at net.minecraft.launchwrapper.Launch.launch(Launch.java:134) [launchwrapper-1.9.jar:?]
	at net.minecraft.launchwrapper.Launch.main(Launch.java:28) [launchwrapper-1.9.jar:?]
[13:30:34] [Client thread/INFO]: Created: 512x256 textures/blocks-atlas
[13:30:34] [Client thread/INFO]: Created: 256x256 textures/items-atlas
[13:30:34] [Client thread/INFO]: Reloading ResourceManager: Default, FMLFileResourcePack:Forge Mod Loader, FMLFileResourcePack:Minecraft Forge, FMLFileResourcePack:yourmodsname
[13:30:34] [Client thread/INFO]: Created: 256x256 textures/items-atlas
[13:30:34] [Client thread/ERROR]: Using missing texture, unable to load yourmodsname:textures/blocks/hardStone.png
java.io.FileNotFoundException: yourmodsname:textures/blocks/hardStone.png
	at net.minecraft.client.resources.FallbackResourceManager.getResource(FallbackResourceManager.java:65) ~[FallbackResourceManager.class:?]
	at net.minecraft.client.resources.SimpleReloadableResourceManager.getResource(SimpleReloadableResourceManager.java:67) ~[SimpleReloadableResourceManager.class:?]
	at net.minecraft.client.renderer.texture.TextureMap.loadTextureAtlas(TextureMap.java:126) [TextureMap.class:?]
	at net.minecraft.client.renderer.texture.TextureMap.loadTexture(TextureMap.java:91) [TextureMap.class:?]
	at net.minecraft.client.renderer.texture.TextureManager.loadTexture(TextureManager.java:89) [TextureManager.class:?]
	at net.minecraft.client.renderer.texture.TextureManager.onResourceManagerReload(TextureManager.java:170) [TextureManager.class:?]
	at net.minecraft.client.resources.SimpleReloadableResourceManager.notifyReloadListeners(SimpleReloadableResourceManager.java:134) [SimpleReloadableResourceManager.class:?]
	at net.minecraft.client.resources.SimpleReloadableResourceManager.reloadResources(SimpleReloadableResourceManager.java:118) [SimpleReloadableResourceManager.class:?]
	at net.minecraft.client.Minecraft.refreshResources(Minecraft.java:626) [Minecraft.class:?]
	at cpw.mods.fml.client.FMLClientHandler.finishMinecraftLoading(FMLClientHandler.java:282) [FMLClientHandler.class:?]
	at net.minecraft.client.Minecraft.startGame(Minecraft.java:585) [Minecraft.class:?]
	at net.minecraft.client.Minecraft.run(Minecraft.java:892) [Minecraft.class:?]
	at net.minecraft.client.main.Main.main(Main.java:112) [Main.class:?]
	at sun.reflect.NativeMethodAccessorImpl.invoke0(Native Method) ~[?:1.6.0_65]
	at sun.reflect.NativeMethodAccessorImpl.invoke(NativeMethodAccessorImpl.java:39) ~[?:1.6.0_65]
	at sun.reflect.DelegatingMethodAccessorImpl.invoke(DelegatingMethodAccessorImpl.java:25) ~[?:1.6.0_65]
	at java.lang.reflect.Method.invoke(Method.java:597) ~[?:1.6.0_65]
	at net.minecraft.launchwrapper.Launch.launch(Launch.java:134) [launchwrapper-1.9.jar:?]
	at net.minecraft.launchwrapper.Launch.main(Launch.java:28) [launchwrapper-1.9.jar:?]
[13:30:34] [Client thread/ERROR]: Using missing texture, unable to load yourmodsname:textures/blocks/hardore_pumpkinore.png
java.io.FileNotFoundException: yourmodsname:textures/blocks/hardore_pumpkinore.png
	at net.minecraft.client.resources.FallbackResourceManager.getResource(FallbackResourceManager.java:65) ~[FallbackResourceManager.class:?]
	at net.minecraft.client.resources.SimpleReloadableResourceManager.getResource(SimpleReloadableResourceManager.java:67) ~[SimpleReloadableResourceManager.class:?]
	at net.minecraft.client.renderer.texture.TextureMap.loadTextureAtlas(TextureMap.java:126) [TextureMap.class:?]
	at net.minecraft.client.renderer.texture.TextureMap.loadTexture(TextureMap.java:91) [TextureMap.class:?]
	at net.minecraft.client.renderer.texture.TextureManager.loadTexture(TextureManager.java:89) [TextureManager.class:?]
	at net.minecraft.client.renderer.texture.TextureManager.onResourceManagerReload(TextureManager.java:170) [TextureManager.class:?]
	at net.minecraft.client.resources.SimpleReloadableResourceManager.notifyReloadListeners(SimpleReloadableResourceManager.java:134) [SimpleReloadableResourceManager.class:?]
	at net.minecraft.client.resources.SimpleReloadableResourceManager.reloadResources(SimpleReloadableResourceManager.java:118) [SimpleReloadableResourceManager.class:?]
	at net.minecraft.client.Minecraft.refreshResources(Minecraft.java:626) [Minecraft.class:?]
	at cpw.mods.fml.client.FMLClientHandler.finishMinecraftLoading(FMLClientHandler.java:282) [FMLClientHandler.class:?]
	at net.minecraft.client.Minecraft.startGame(Minecraft.java:585) [Minecraft.class:?]
	at net.minecraft.client.Minecraft.run(Minecraft.java:892) [Minecraft.class:?]
	at net.minecraft.client.main.Main.main(Main.java:112) [Main.class:?]
	at sun.reflect.NativeMethodAccessorImpl.invoke0(Native Method) ~[?:1.6.0_65]
	at sun.reflect.NativeMethodAccessorImpl.invoke(NativeMethodAccessorImpl.java:39) ~[?:1.6.0_65]
	at sun.reflect.DelegatingMethodAccessorImpl.invoke(DelegatingMethodAccessorImpl.java:25) ~[?:1.6.0_65]
	at java.lang.reflect.Method.invoke(Method.java:597) ~[?:1.6.0_65]
	at net.minecraft.launchwrapper.Launch.launch(Launch.java:134) [launchwrapper-1.9.jar:?]
	at net.minecraft.launchwrapper.Launch.main(Launch.java:28) [launchwrapper-1.9.jar:?]
[13:30:35] [Client thread/INFO]: Created: 512x256 textures/blocks-atlas
[13:30:35] [Sound Library Loader/INFO]: Sound engine started
[13:30:36] [MCO Availability Checker #1/ERROR]: Couldn't connect to Realms
[13:30:51] [Client thread/INFO]: Deleting level New World--
[13:30:51] [Client thread/INFO]: Attempt 1...
[13:30:52] [Client thread/INFO]: Deleting level New World-
[13:30:52] [Client thread/INFO]: Attempt 1...
[13:30:54] [Client thread/INFO]: Deleting level New World
[13:30:54] [Client thread/INFO]: Attempt 1...
[13:30:55] [Client thread/INFO]: Deleting level Civil War
[13:30:55] [Client thread/INFO]: Attempt 1...
[13:30:58] [Server thread/INFO]: Starting integrated minecraft server version 1.7.2
[13:30:58] [Server thread/INFO]: Generating keypair
[13:30:58] [Server thread/INFO]: Converting map!
[13:30:58] [Server thread/INFO]: Scanning folders...
[13:30:58] [Server thread/INFO]: Total conversion count is 0
[13:30:58] [Server thread/INFO]: Preparing start region for level 0
[13:30:59] [Server thread/INFO]: Preparing spawn area: 10%
[13:31:00] [Server thread/INFO]: Preparing spawn area: 23%
[13:31:01] [Server thread/INFO]: Preparing spawn area: 38%
[13:31:02] [Server thread/INFO]: Preparing spawn area: 53%
[13:31:03] [Server thread/INFO]: Preparing spawn area: 69%
[13:31:04] [Server thread/INFO]: Preparing spawn area: 84%
[13:31:05] [Server thread/INFO]: Preparing spawn area: 99%
[13:31:05] [Server thread/INFO]: Player932[local:E:04f3685a] logged in with entity id 189 at (84.5, 63.0, 233.5)
[13:31:05] [Server thread/INFO]: Player932 joined the game
[13:31:06] [Skin downloader: http://skins.minecraft.net/MinecraftCloaks/Player932.png/ERROR]: Couldn't download http texture
java.net.UnknownHostException: skins.minecraft.net
	at java.net.PlainSocketImpl.connect(PlainSocketImpl.java:223) ~[?:1.6.0_65]
	at java.net.SocksSocketImpl.connect(SocksSocketImpl.java:431) ~[?:1.6.0_65]
	at java.net.Socket.connect(Socket.java:527) ~[?:1.6.0_65]
	at java.net.Socket.connect(Socket.java:476) ~[?:1.6.0_65]
	at sun.net.NetworkClient.doConnect(NetworkClient.java:163) ~[?:1.6.0_65]
	at sun.net.www.http.HttpClient.openServer(HttpClient.java:424) ~[?:1.6.0_65]
	at sun.net.www.http.HttpClient.openServer(HttpClient.java:538) ~[?:1.6.0_65]
	at sun.net.www.http.HttpClient.<init>(HttpClient.java:214) ~[?:1.6.0_65]
	at sun.net.www.http.HttpClient.New(HttpClient.java:300) ~[?:1.6.0_65]
	at sun.net.www.http.HttpClient.New(HttpClient.java:319) ~[?:1.6.0_65]
	at sun.net.www.protocol.http.HttpURLConnection.getNewHttpClient(HttpURLConnection.java:987) ~[?:1.6.0_65]
	at sun.net.www.protocol.http.HttpURLConnection.plainConnect(HttpURLConnection.java:966) ~[?:1.6.0_65]
	at sun.net.www.protocol.http.HttpURLConnection.connect(HttpURLConnection.java:841) ~[?:1.6.0_65]
	at net.minecraft.client.renderer.ThreadDownloadImageData$1.run(ThreadDownloadImageData.java:87) [ThreadDownloadImageData$1.class:?]
[13:31:06] [Skin downloader: http://skins.minecraft.net/MinecraftSkins/Player932.png/ERROR]: Couldn't download http texture
java.net.UnknownHostException: skins.minecraft.net
	at java.net.PlainSocketImpl.connect(PlainSocketImpl.java:223) ~[?:1.6.0_65]
	at java.net.SocksSocketImpl.connect(SocksSocketImpl.java:431) ~[?:1.6.0_65]
	at java.net.Socket.connect(Socket.java:527) ~[?:1.6.0_65]
	at java.net.Socket.connect(Socket.java:476) ~[?:1.6.0_65]
	at sun.net.NetworkClient.doConnect(NetworkClient.java:163) ~[?:1.6.0_65]
	at sun.net.www.http.HttpClient.openServer(HttpClient.java:424) ~[?:1.6.0_65]
	at sun.net.www.http.HttpClient.openServer(HttpClient.java:538) ~[?:1.6.0_65]
	at sun.net.www.http.HttpClient.<init>(HttpClient.java:214) ~[?:1.6.0_65]
	at sun.net.www.http.HttpClient.New(HttpClient.java:300) ~[?:1.6.0_65]
	at sun.net.www.http.HttpClient.New(HttpClient.java:319) ~[?:1.6.0_65]
	at sun.net.www.protocol.http.HttpURLConnection.getNewHttpClient(HttpURLConnection.java:987) ~[?:1.6.0_65]
	at sun.net.www.protocol.http.HttpURLConnection.plainConnect(HttpURLConnection.java:966) ~[?:1.6.0_65]
	at sun.net.www.protocol.http.HttpURLConnection.connect(HttpURLConnection.java:841) ~[?:1.6.0_65]
	at net.minecraft.client.renderer.ThreadDownloadImageData$1.run(ThreadDownloadImageData.java:87) [ThreadDownloadImageData$1.class:?]
[13:31:09] [Server thread/INFO]: Player932 has just earned the achievement [Taking Inventory]
[13:31:09] [Client thread/INFO]: [CHAT] Player932 has just earned the achievement [Taking Inventory]
[13:31:26] [Server thread/INFO]: Saving and pausing game...
[13:31:26] [Server thread/INFO]: Saving chunks for level 'New World'/Overworld
[13:31:26] [Server thread/INFO]: Saving chunks for level 'New World'/Nether
[13:31:26] [Server thread/INFO]: Saving chunks for level 'New World'/The End
[13:32:12] [Server thread/INFO]: Saving and pausing game...
[13:32:12] [Server thread/INFO]: Saving chunks for level 'New World'/Overworld
[13:32:12] [Server thread/INFO]: Saving chunks for level 'New World'/Nether
[13:32:12] [Server thread/INFO]: Saving chunks for level 'New World'/The End
[13:32:58] [Server thread/INFO]: Saving and pausing game...
[13:32:58] [Server thread/INFO]: Saving chunks for level 'New World'/Overworld
[13:32:58] [Server thread/INFO]: Saving chunks for level 'New World'/Nether
[13:32:58] [Server thread/INFO]: Saving chunks for level 'New World'/The End
[13:32:58] [Server thread/INFO]: Stopping server
[13:32:58] [Server thread/INFO]: Saving players
[13:32:58] [Server thread/INFO]: Saving worlds
[13:32:58] [Server thread/INFO]: Saving chunks for level 'New World'/Overworld
[13:32:58] [Server thread/INFO]: Saving chunks for level 'New World'/Nether
[13:32:58] [Server thread/INFO]: Saving chunks for level 'New World'/The End
[13:32:59] [Client thread/INFO]: Stopping!
